<?xml version="1.0" encoding="utf-8" standalone="no"?>
<test-results xmlns:xsi="http://www.w3.org/2001/XMLSchema-instance" xsi:noNamespaceSchemaLocation="nunit_schema_2.5.xsd" name="Pester" total="11" errors="0" failures="0" not-run="56" inconclusive="0" ignored="0" skipped="0" invalid="0" date="2025-06-23" time="10:49:43">
  <environment platform="Microsoft Windows 11 Enterprise|C:\WINDOWS|\Device\Harddisk0\Partition3" user="StephenBarr" machine-name="SB-UNSUNG" user-domain="AzureAD" clr-version="Unknown" os-version="10.0.26100" nunit-version="2.5.8.0" cwd="G:\My Drive\Technical\AutomatedLabScripts\Unsung Lab Scripts\ADCSLab1-DC-RCA-ICA-Web" />
  <culture-info current-culture="en-GB" current-uiculture="en-US" />
  <test-suite type="TestFixture" name="Pester" executed="True" result="Success" success="True" time="28.1886" asserts="0" description="Pester">
    <results>
      <test-suite type="TestFixture" name="C:\Program Files\WindowsPowerShell\Modules\AutomatedLabTest\5.48.0\internal\tests\00General.tests.ps1" executed="True" result="Success" success="True" time="1.382" asserts="0" description="C:\Program Files\WindowsPowerShell\Modules\AutomatedLabTest\5.48.0\internal\tests\00General.tests.ps1">
        <results>
          <test-suite type="TestFixture" name="[unsungLab1] General" executed="True" result="Success" success="True" time="0.6803" asserts="0" description="[unsungLab1] General">
            <results>
              <test-suite type="TestFixture" name="[unsungLab1] General.Lab deployment successful" executed="True" result="Success" success="True" time="0.6519" asserts="0" description="[unsungLab1] General.Lab deployment successful">
                <results>
                  <test-suite type="ParameterizedTest" name="[unsungLab1] General.Lab deployment successful.[&lt;LabName&gt;] Should return the correct amount of machines" executed="True" result="Success" success="True" time="0.5349" asserts="0" description="[&lt;LabName&gt;] Should return the correct amount of machines">
                    <results>
                      <test-case description="[unsungLab1] Should return the correct amount of machines" name="[unsungLab1] General.Lab deployment successful.[unsungLab1] Should return the correct amount of machines" time="0.5349" asserts="0" success="True" result="Success" executed="True" />
                    </results>
                  </test-suite>
                </results>
              </test-suite>
            </results>
          </test-suite>
        </results>
      </test-suite>
      <test-suite type="TestFixture" name="C:\Program Files\WindowsPowerShell\Modules\AutomatedLabTest\5.48.0\internal\tests\RootDC.tests.ps1" executed="True" result="Success" success="True" time="1.6677" asserts="0" description="C:\Program Files\WindowsPowerShell\Modules\AutomatedLabTest\5.48.0\internal\tests\RootDC.tests.ps1">
        <results>
          <test-suite type="TestFixture" name="[unsungLab1] DC Generic" executed="True" result="Success" success="True" time="0.9251" asserts="0" description="[unsungLab1] DC Generic">
            <results>
              <test-suite type="TestFixture" name="[unsungLab1] DC Generic.Role deployment successful" executed="True" result="Success" success="True" time="0.9191" asserts="0" description="[unsungLab1] DC Generic.Role deployment successful">
                <results>
                  <test-case description="[RootDC] Should return the correct amount of machines" name="[unsungLab1] DC Generic.Role deployment successful.[RootDC] Should return the correct amount of machines" time="0.0471" asserts="0" success="True" result="Success" executed="True" />
                  <test-suite type="ParameterizedTest" name="[unsungLab1] DC Generic.Role deployment successful.ADDS01 should have ADWS running" executed="True" result="Success" success="True" time="0.3752" asserts="0" description="ADDS01 should have ADWS running">
                    <results>
                      <test-case description="ADDS01 should have ADWS running" name="[unsungLab1] DC Generic.Role deployment successful.ADDS01 should have ADWS running(ADDS01)" time="0.3752" asserts="0" success="True" result="Success" executed="True" />
                    </results>
                  </test-suite>
                  <test-suite type="ParameterizedTest" name="[unsungLab1] DC Generic.Role deployment successful.ADDS01 should respond to ADWS calls" executed="True" result="Success" success="True" time="0.4931" asserts="0" description="ADDS01 should respond to ADWS calls">
                    <results>
                      <test-case description="ADDS01 should respond to ADWS calls" name="[unsungLab1] DC Generic.Role deployment successful.ADDS01 should respond to ADWS calls(ADDS01)" time="0.4931" asserts="0" success="True" result="Success" executed="True" />
                    </results>
                  </test-suite>
                </results>
              </test-suite>
            </results>
          </test-suite>
          <test-suite type="TestFixture" name="[unsungLab1] RootDC specific" executed="True" result="Success" success="True" time="1.4742" asserts="0" description="[unsungLab1] RootDC specific">
            <results>
              <test-suite type="ParameterizedTest" name="[unsungLab1] RootDC specific.ADDS01 should hold PDC emulator FSMO role" executed="True" result="Success" success="True" time="0.5465" asserts="0" description="ADDS01 should hold PDC emulator FSMO role">
                <results>
                  <test-case description="ADDS01 should hold PDC emulator FSMO role" name="[unsungLab1] RootDC specific.ADDS01 should hold PDC emulator FSMO role(ADDS01)" time="0.5465" asserts="0" success="True" result="Success" executed="True" />
                </results>
              </test-suite>
            </results>
          </test-suite>
        </results>
      </test-suite>
      <test-suite type="TestFixture" name="C:\Program Files\WindowsPowerShell\Modules\AutomatedLabTest\5.48.0\internal\tests\Routing.tests.ps1" executed="True" result="Success" success="True" time="13.7103" asserts="0" description="C:\Program Files\WindowsPowerShell\Modules\AutomatedLabTest\5.48.0\internal\tests\Routing.tests.ps1">
        <results>
          <test-suite type="TestFixture" name="[unsungLab1] Routing" executed="True" result="Success" success="True" time="13.5839" asserts="0" description="[unsungLab1] Routing">
            <results>
              <test-suite type="TestFixture" name="[unsungLab1] Routing.Role deployment successful" executed="True" result="Success" success="True" time="13.5814" asserts="0" description="[unsungLab1] Routing.Role deployment successful">
                <results>
                  <test-case description="[Routing] Should return the correct amount of machines" name="[unsungLab1] Routing.Role deployment successful.[Routing] Should return the correct amount of machines" time="0.0604" asserts="0" success="True" result="Success" executed="True" />
                  <test-suite type="ParameterizedTest" name="[unsungLab1] Routing.Role deployment successful.[Route1] Should be connected to the internet" executed="True" result="Success" success="True" time="7.2254" asserts="0" description="[Route1] Should be connected to the internet">
                    <results>
                      <test-case description="[Route1] Should be connected to the internet" name="[unsungLab1] Routing.Role deployment successful.[Route1] Should be connected to the internet(Route1)" time="7.2254" asserts="0" success="True" result="Success" executed="True" />
                    </results>
                  </test-suite>
                  <test-suite type="ParameterizedTest" name="[unsungLab1] Routing.Role deployment successful.[Route1] Should have Routing feature installed" executed="True" result="Success" success="True" time="6.2883" asserts="0" description="[Route1] Should have Routing feature installed">
                    <results>
                      <test-case description="[Route1] Should have Routing feature installed" name="[unsungLab1] Routing.Role deployment successful.[Route1] Should have Routing feature installed(Route1)" time="6.2883" asserts="0" success="True" result="Success" executed="True" />
                    </results>
                  </test-suite>
                </results>
              </test-suite>
            </results>
          </test-suite>
        </results>
      </test-suite>
      <test-suite type="TestFixture" name="C:\Program Files\WindowsPowerShell\Modules\AutomatedLabTest\5.48.0\internal\tests\WebServer.tests.ps1" executed="True" result="Success" success="True" time="5.6955" asserts="0" description="C:\Program Files\WindowsPowerShell\Modules\AutomatedLabTest\5.48.0\internal\tests\WebServer.tests.ps1">
        <results>
          <test-suite type="TestFixture" name="[unsungLab1] WebServer" executed="True" result="Success" success="True" time="5.5492" asserts="0" description="[unsungLab1] WebServer">
            <results>
              <test-suite type="TestFixture" name="[unsungLab1] WebServer.Role deployment successful" executed="True" result="Success" success="True" time="5.5466" asserts="0" description="[unsungLab1] WebServer.Role deployment successful">
                <results>
                  <test-case description="[WebServer] Should return the correct amount of machines" name="[unsungLab1] WebServer.Role deployment successful.[WebServer] Should return the correct amount of machines" time="0.0434" asserts="0" success="True" result="Success" executed="True" />
                  <test-suite type="ParameterizedTest" name="[unsungLab1] WebServer.Role deployment successful.[WEB01] should have all required WebServer features installed" executed="True" result="Success" success="True" time="5.4826" asserts="0" description="[WEB01] should have all required WebServer features installed">
                    <results>
                      <test-case description="[WEB01] should have all required WebServer features installed" name="[unsungLab1] WebServer.Role deployment successful.[WEB01] should have all required WebServer features installed(&quot;Web-Server&quot;,WEB01,Web-WebServer Web-Application-Proxy Web-Health Web-Performance Web-Security Web-App-Dev Web-Ftp-Server Web-Metabase Web-Lgcy-Scripting Web-WMI Web-Scripting-Tools Web-Mgmt-Service Web-WHC)" time="4.7798" asserts="0" success="True" result="Success" executed="True" />
                      <test-case description="[WEB02] should have all required WebServer features installed" name="[unsungLab1] WebServer.Role deployment successful.[WEB02] should have all required WebServer features installed" time="0.7028" asserts="0" success="True" result="Success" executed="True" />
                    </results>
                  </test-suite>
                </results>
              </test-suite>
            </results>
          </test-suite>
        </results>
      </test-suite>
    </results>
  </test-suite>
</test-results>